2022/09/01 04:02:38 [notice] 1#1: using the "epoll" event method
2022/09/01 04:02:38 [notice] 1#1: nginx/1.22.0
2022/09/01 04:02:38 [notice] 1#1: built by gcc 11.2.1 20220219 (Alpine 11.2.1_git20220219) 
2022/09/01 04:02:38 [notice] 1#1: OS: Linux 5.15.0-46-generic
2022/09/01 04:02:38 [notice] 1#1: getrlimit(RLIMIT_NOFILE): 1048576:1048576
2022/09/01 04:02:38 [notice] 1#1: start worker processes
2022/09/01 04:02:38 [notice] 1#1: start worker process 33
2022/09/01 04:02:38 [notice] 1#1: start worker process 34
2022/09/01 04:02:38 [notice] 1#1: start worker process 35
2022/09/01 04:02:38 [notice] 1#1: start worker process 36
2022/09/01 04:02:50 [error] 33#33: *1 open() "/usr/share/nginx/html/api/healthcheck" failed (2: No such file or directory), client: 172.21.0.1, server: localhost, request: "GET /api/healthcheck HTTP/1.1", host: "localhost"
2022/09/01 04:04:07 [notice] 1#1: signal 3 (SIGQUIT) received, shutting down
2022/09/01 04:04:07 [notice] 35#35: gracefully shutting down
2022/09/01 04:04:07 [notice] 35#35: exiting
2022/09/01 04:04:07 [notice] 35#35: exit
2022/09/01 04:04:07 [notice] 36#36: gracefully shutting down
2022/09/01 04:04:07 [notice] 36#36: exiting
2022/09/01 04:04:07 [notice] 36#36: exit
2022/09/01 04:04:07 [notice] 34#34: gracefully shutting down
2022/09/01 04:04:07 [notice] 34#34: exiting
2022/09/01 04:04:07 [notice] 34#34: exit
2022/09/01 04:04:07 [notice] 33#33: gracefully shutting down
2022/09/01 04:04:07 [notice] 33#33: exiting
2022/09/01 04:04:07 [notice] 33#33: exit
2022/09/01 04:04:07 [notice] 1#1: signal 17 (SIGCHLD) received from 36
2022/09/01 04:04:07 [notice] 1#1: worker process 35 exited with code 0
2022/09/01 04:04:07 [notice] 1#1: worker process 36 exited with code 0
2022/09/01 04:04:07 [notice] 1#1: worker process 33 exited with code 0
2022/09/01 04:04:07 [notice] 1#1: signal 17 (SIGCHLD) received from 33
2022/09/01 04:04:07 [notice] 1#1: signal 17 (SIGCHLD) received from 34
2022/09/01 04:04:07 [notice] 1#1: worker process 34 exited with code 0
2022/09/01 04:04:07 [notice] 1#1: exit
